nohup: les entrées sont ignorées
I tensorflow/stream_executor/dso_loader.cc:135] successfully opened CUDA library libcublas.so.8.0 locally
I tensorflow/stream_executor/dso_loader.cc:135] successfully opened CUDA library libcudnn.so.5 locally
I tensorflow/stream_executor/dso_loader.cc:135] successfully opened CUDA library libcufft.so.8.0 locally
I tensorflow/stream_executor/dso_loader.cc:135] successfully opened CUDA library libcuda.so.1 locally
I tensorflow/stream_executor/dso_loader.cc:135] successfully opened CUDA library libcurand.so.8.0 locally
[2017-04-10 08:15:14,801] Making new env: CartPole-v0
W tensorflow/core/platform/cpu_feature_guard.cc:45] The TensorFlow library wasn't compiled to use SSE3 instructions, but these are available on your machine and could speed up CPU computations.
W tensorflow/core/platform/cpu_feature_guard.cc:45] The TensorFlow library wasn't compiled to use SSE4.1 instructions, but these are available on your machine and could speed up CPU computations.
W tensorflow/core/platform/cpu_feature_guard.cc:45] The TensorFlow library wasn't compiled to use SSE4.2 instructions, but these are available on your machine and could speed up CPU computations.
W tensorflow/core/platform/cpu_feature_guard.cc:45] The TensorFlow library wasn't compiled to use AVX instructions, but these are available on your machine and could speed up CPU computations.
W tensorflow/core/platform/cpu_feature_guard.cc:45] The TensorFlow library wasn't compiled to use AVX2 instructions, but these are available on your machine and could speed up CPU computations.
W tensorflow/core/platform/cpu_feature_guard.cc:45] The TensorFlow library wasn't compiled to use FMA instructions, but these are available on your machine and could speed up CPU computations.
I tensorflow/core/common_runtime/gpu/gpu_device.cc:885] Found device 0 with properties: 
name: Tesla P100-SXM2-16GB
major: 6 minor: 0 memoryClockRate (GHz) 1.4805
pciBusID 0000:05:00.0
Total memory: 15.89GiB
Free memory: 15.61GiB
W tensorflow/stream_executor/cuda/cuda_driver.cc:590] creating context when one is currently active; existing: 0x379d880
I tensorflow/core/common_runtime/gpu/gpu_device.cc:885] Found device 1 with properties: 
name: Tesla P100-SXM2-16GB
major: 6 minor: 0 memoryClockRate (GHz) 1.4805
pciBusID 0000:06:00.0
Total memory: 15.89GiB
Free memory: 15.61GiB
W tensorflow/stream_executor/cuda/cuda_driver.cc:590] creating context when one is currently active; existing: 0x37a1700
I tensorflow/core/common_runtime/gpu/gpu_device.cc:885] Found device 2 with properties: 
name: Tesla P100-SXM2-16GB
major: 6 minor: 0 memoryClockRate (GHz) 1.4805
pciBusID 0000:84:00.0
Total memory: 15.89GiB
Free memory: 15.61GiB
W tensorflow/stream_executor/cuda/cuda_driver.cc:590] creating context when one is currently active; existing: 0x37c5e90
I tensorflow/core/common_runtime/gpu/gpu_device.cc:885] Found device 3 with properties: 
name: Tesla P100-SXM2-16GB
major: 6 minor: 0 memoryClockRate (GHz) 1.4805
pciBusID 0000:85:00.0
Total memory: 15.89GiB
Free memory: 15.61GiB
I tensorflow/core/common_runtime/gpu/gpu_device.cc:906] DMA: 0 1 2 3 
I tensorflow/core/common_runtime/gpu/gpu_device.cc:916] 0:   Y Y Y Y 
I tensorflow/core/common_runtime/gpu/gpu_device.cc:916] 1:   Y Y Y Y 
I tensorflow/core/common_runtime/gpu/gpu_device.cc:916] 2:   Y Y Y Y 
I tensorflow/core/common_runtime/gpu/gpu_device.cc:916] 3:   Y Y Y Y 
I tensorflow/core/common_runtime/gpu/gpu_device.cc:975] Creating TensorFlow device (/gpu:0) -> (device: 0, name: Tesla P100-SXM2-16GB, pci bus id: 0000:05:00.0)
I tensorflow/core/common_runtime/gpu/gpu_device.cc:975] Creating TensorFlow device (/gpu:1) -> (device: 1, name: Tesla P100-SXM2-16GB, pci bus id: 0000:06:00.0)
I tensorflow/core/common_runtime/gpu/gpu_device.cc:975] Creating TensorFlow device (/gpu:2) -> (device: 2, name: Tesla P100-SXM2-16GB, pci bus id: 0000:84:00.0)
I tensorflow/core/common_runtime/gpu/gpu_device.cc:975] Creating TensorFlow device (/gpu:3) -> (device: 3, name: Tesla P100-SXM2-16GB, pci bus id: 0000:85:00.0)

 2017-04-10 08:15:17
Episodes 1 -> 1 Done (0.198s) ... 
- Training loss: 0.0000
# Evaluation
- Episode length stats:
 Mean: 9.400000 std: 0.800000
- Return from initial stats:
 Mean: -0.919072 std: 0.007380

 2017-04-10 08:15:26
Episodes 1 -> 101 Done (9.031s) ... 
- Training loss: 0.3715
# Evaluation
- Episode length stats:
 Mean: 49.350000 std: 19.882844
- Return from initial stats:
 Mean: -0.625679 std: 0.099624

 2017-04-10 08:18:14
Episodes 101 -> 201 Done (167.531s) ... 
- Training loss: 28.2906
# Evaluation
- Episode length stats:
 Mean: 279.850000 std: 30.845218
- Return from initial stats:
 Mean: -0.064090 std: 0.024609

 2017-04-10 08:21:56
Episodes 201 -> 301 Done (222.217s) ... 
- Training loss: 214.1895
# Evaluation
- Episode length stats:
 Mean: 300.000000 std: 0.000000
- Return from initial stats:
 Mean: -0.049536 std: 0.000000

 2017-04-10 08:23:49
Episodes 301 -> 401 Done (113.195s) ... 
- Training loss: 2134.6965
# Evaluation
- Episode length stats:
 Mean: 300.000000 std: 0.000000
- Return from initial stats:
 Mean: -0.049536 std: 0.000000

 2017-04-10 08:28:02
Episodes 401 -> 501 Done (252.803s) ... 
- Training loss: 2.5381
# Evaluation
- Episode length stats:
 Mean: 300.000000 std: 0.000000
- Return from initial stats:
 Mean: -0.049536 std: 0.000000

 2017-04-10 08:31:21
Episodes 501 -> 601 Done (199.361s) ... 
- Training loss: 906.3850
# Evaluation
- Episode length stats:
 Mean: 164.950000 std: 6.837214
- Return from initial stats:
 Mean: -0.192934 std: 0.013123

 2017-04-10 08:34:54
Episodes 601 -> 701 Done (213.271s) ... 
- Training loss: 32.8845
# Evaluation
- Episode length stats:
 Mean: 300.000000 std: 0.000000
- Return from initial stats:
 Mean: -0.049536 std: 0.000000

 2017-04-10 08:38:59
Episodes 701 -> 801 Done (244.568s) ... 
- Training loss: 6.7418
# Evaluation
- Episode length stats:
 Mean: 300.000000 std: 0.000000
- Return from initial stats:
 Mean: -0.049536 std: 0.000000

 2017-04-10 08:42:05
Episodes 801 -> 901 Done (185.978s) ... 
- Training loss: 615.5001
# Evaluation
- Episode length stats:
 Mean: 9.300000 std: 0.640312
- Return from initial stats:
 Mean: -0.919986 std: 0.005927

 2017-04-10 08:44:59
Episodes 901 -> 1001 Done (173.650s) ... 
- Training loss: 11.1788
# Evaluation
- Episode length stats:
 Mean: 300.000000 std: 0.000000
- Return from initial stats:
 Mean: -0.049536 std: 0.000000

 2017-04-10 08:49:10
Episodes 1001 -> 1101 Done (251.734s) ... 
- Training loss: 893.4347
# Evaluation
- Episode length stats:
 Mean: 300.000000 std: 0.000000
- Return from initial stats:
 Mean: -0.049536 std: 0.000000

 2017-04-10 08:50:05
Episodes 1101 -> 1201 Done (55.122s) ... 
- Training loss: 4022.9158
# Evaluation
- Episode length stats:
 Mean: 18.000000 std: 1.897367
- Return from initial stats:
 Mean: -0.843096 std: 0.016063

 2017-04-10 08:52:11
Episodes 1201 -> 1301 Done (125.913s) ... 
- Training loss: 5.2346
# Evaluation
- Episode length stats:
 Mean: 93.100000 std: 5.393515
- Return from initial stats:
 Mean: -0.396863 std: 0.021546

 2017-04-10 08:54:06
Episodes 1301 -> 1401 Done (114.563s) ... 
- Training loss: 9736.3731
# Evaluation
- Episode length stats:
 Mean: 300.000000 std: 0.000000
- Return from initial stats:
 Mean: -0.049536 std: 0.000000

 2017-04-10 08:55:46
Episodes 1401 -> 1501 Done (100.336s) ... 
- Training loss: 72.2525
# Evaluation
- Episode length stats:
 Mean: 115.900000 std: 5.915235
- Return from initial stats:
 Mean: -0.315676 std: 0.018438

 2017-04-10 08:58:46
Episodes 1501 -> 1601 Done (180.040s) ... 
- Training loss: 2085.0360
# Evaluation
- Episode length stats:
 Mean: 170.150000 std: 8.302259
- Return from initial stats:
 Mean: -0.183316 std: 0.015243

 2017-04-10 09:01:34
Episodes 1601 -> 1701 Done (167.315s) ... 
- Training loss: 4558.3791
# Evaluation
- Episode length stats:
 Mean: 176.550000 std: 7.010528
- Return from initial stats:
 Mean: -0.171726 std: 0.012078

 2017-04-10 09:03:36
Episodes 1701 -> 1801 Done (122.830s) ... 
- Training loss: 118118.7262
# Evaluation
- Episode length stats:
 Mean: 60.450000 std: 5.589946
- Return from initial stats:
 Mean: -0.551054 std: 0.030718

 2017-04-10 09:05:33
Episodes 1801 -> 1901 Done (116.635s) ... 
- Training loss: 63.3009
# Evaluation
- Episode length stats:
 Mean: 114.400000 std: 4.431704
- Return from initial stats:
 Mean: -0.320231 std: 0.014336

 2017-04-10 09:08:34
Episodes 1901 -> 2001 Done (180.859s) ... 
- Training loss: 3263.1258
# Evaluation
- Episode length stats:
 Mean: 9.500000 std: 0.806226
- Return from initial stats:
 Mean: -0.918150 std: 0.007457
## Saved model !
